-------------------- Log Start | Sat Dec 23 10:46:16 2023 --------------------
data_path: /home/biqu/printer_data
is_default_data_path: False
config_file: /home/biqu/printer_data/config/moonraker.conf
startup_warnings: []
verbose: False
debug: False
asyncio_debug: False
is_backup_config: False
is_python_package: False
instance_uuid: fe874e2e0db14694a925f48f741b79df
unix_socket_path: /home/biqu/printer_data/comms/moonraker.sock
software_version: v0.8.0-188-ga71c5c1
git_branch: master
git_remote: origin
git_repo_url: https://github.com/Arksine/moonraker.git
modified_files: []
unofficial_components: []
log_file: /home/biqu/printer_data/logs/moonraker.log
python_version: 3.9.2 (default, Feb 28 2021, 17:03:44)  [GCC 10.2.1 20210110]
msgspec_enabled: False
uvloop_enabled: False

#################### Moonraker Configuration ####################

[server]
host = 0.0.0.0
port = 7125
klippy_uds_address = /home/biqu/printer_data/comms/klippy.sock

[authorization]
trusted_clients = 
	10.0.0.0/8
	127.0.0.0/8
	169.254.0.0/16
	172.16.0.0/12
	192.168.0.0/16
	FE80::/10
	::1/128
cors_domains = 
	*.lan
	*.local
	*://localhost
	*://localhost:*
	*://my.mainsail.xyz
	*://app.fluidd.xyz

[octoprint_compat]

[history]

[update_manager]
channel = dev
refresh_interval = 168

[update_manager mainsail-config]
type = git_repo
primary_branch = master
path = ~/mainsail-config
origin = https://github.com/mainsail-crew/mainsail-config.git
managed_services = klipper

[update_manager mainsail]
type = web
channel = stable
repo = mainsail-crew/mainsail
path = ~/mainsail

[update_manager crowsnest]
type = git_repo
path = ~/crowsnest
origin = https://github.com/mainsail-crew/crowsnest.git
managed_services = crowsnest
install_script = tools/pkglist.sh

[update_manager sonar]
type = git_repo
path = ~/sonar
origin = https://github.com/mainsail-crew/sonar.git
primary_branch = main
managed_services = sonar
install_script = tools/install.sh

[update_manager timelapse]
type = git_repo
primary_branch = main
path = ~/moonraker-timelapse
origin = https://github.com/mainsail-crew/moonraker-timelapse.git
managed_services = klipper moonraker

[update_manager KlipperScreen]
type = git_repo
path = ~/KlipperScreen
origin = https://github.com/KlipperScreen/KlipperScreen.git
env = ~/.KlipperScreen-env/bin/python
requirements = scripts/KlipperScreen-requirements.txt
install_script = scripts/KlipperScreen-install.sh
managed_services = KlipperScreen

[update_manager print_area_bed_mesh]
type = git_repo
path = ~/print_area_bed_mesh
origin = https://github.com/Turge08/print_area_bed_mesh.git
is_system_service = False

[update_manager client klipper-backup]
type = git_repo
path = ~/klipper-backup
origin = https://github.com/Staubgeborener/klipper-backup.git
install_script = install.sh
is_system_service = False
primary_branch = main

[update_manager Klipper-Adaptive-Meshing-Purging]
type = git_repo
channel = dev
path = ~/Klipper-Adaptive-Meshing-Purging
origin = https://github.com/kyleisah/Klipper-Adaptive-Meshing-Purging.git
managed_services = klipper
primary_branch = main

[file_manager]
enable_object_processing = True

#################################################################
All Configuration Files:
/home/biqu/printer_data/config/moonraker.conf
#################################################################
Unsafe Shutdown Count: 31

System Info:

***python***
  version: (3, 9, 2, 'final', 0)
  version_string: 3.9.2 (default, Feb 28 2021, 17:03:44)  [GCC 10.2.1 20210110]

***cpu_info***
  cpu_count: 4
  bits: 64bit
  processor: aarch64
  cpu_desc: 
  serial_number: 
  hardware_desc: 
  model: 
  total_memory: 1010636
  memory_units: kB

***sd_info***

***distribution***
  name: Debian GNU/Linux 11 (bullseye)
  id: debian
  version: 11
  version_parts: {'major': '11', 'minor': '', 'build_number': ''}
  like: 
  codename: bullseye
  release_info: {'name': '# PLEASE DO NOT EDIT THIS FILE', 'id': 'board'}

***virtualization***
  virt_type: none
  virt_identifier: none

***network***

***canbus***

***Allowed Services***
  klipper_mcu
  webcamd
  MoonCord
  KlipperScreen
  moonraker-telegram-bot
  moonraker-obico
  sonar
  crowsnest
  octoeverywhere
  ratos-configurator

Systemd unit moonraker.service:
unit_name: moonraker.service
is_default: True
manager: systemd
Properties:
**Requires=['sysinit.target', 'network-online.target', '-.mount', 'system.slice']
**After=['systemd-journald.socket', 'system.slice', 'network-online.target', 'sysinit.target', '-.mount', 'basic.target']
**SupplementaryGroups=['moonraker-admin']
**EnvironmentFiles=/home/biqu/printer_data/systemd/moonraker.env
**ExecStart=/home/biqu/moonraker-env/bin/python $MOONRAKER_ARGS
**WorkingDirectory=/home/biqu/moonraker
**FragmentPath=/etc/systemd/system/moonraker.service
**Description=API Server for Klipper SV1
**User=biqu

Systemd unit klipper.service:
unit_name: klipper.service
is_default: True
manager: systemd
Properties:
**Requires=['sysinit.target', '-.mount', 'system.slice']
**After=['basic.target', 'network-online.target', '-.mount', 'sysinit.target', 'systemd-journald.socket', 'klipper-mcu.service', 'system.slice']
**SupplementaryGroups=[]
**EnvironmentFiles=/home/biqu/printer_data/systemd/klipper.env
**ExecStart=/home/biqu/klippy-env/bin/python $KLIPPER_ARGS
**WorkingDirectory=/home/biqu/klipper
**FragmentPath=/etc/systemd/system/klipper.service
**Description=Klipper 3D Printer Firmware SV1
**User=biqu
Git Repo moonraker: Warnings detected:
  Repo has untracked source files: ['moonraker/components/timelapse.py']
Git Repo klipper: No warnings detected
Git Repo mainsail-config: No warnings detected
Git Repo crowsnest: No warnings detected
Git Repo sonar: No warnings detected
Git Repo timelapse: No warnings detected
Git Repo KlipperScreen: No warnings detected
Git Repo print_area_bed_mesh: No warnings detected
Git Repo klipper-backup: Warnings detected:
  Unofficial remote url: https://github.com/Zantry3d/trident350_m8p_ebb36.git
  Repo has diverged from remote
Git Repo Klipper-Adaptive-Meshing-Purging: No warnings detected
Klipper Version: v0.11.0-304-gf7567a0d
2023-12-23 10:46:16,063 [authorization.py:_prune_conn_handler()] - Trusted Connection Expired, IP: 10.0.1.224
2023-12-23 10:46:16,063 [authorization.py:_prune_conn_handler()] - Trusted Connection Expired, IP: 127.0.0.1
2023-12-23 10:49:31,239 [base_deploy.py:log_info()] - Git Repo klipper-backup: No packages found in script: /home/biqu/klipper-backup/install.sh
2023-12-23 10:49:31,328 [shell_command.py:_check_proc_success()] - Command (git -C /home/biqu/klipper-backup merge-base --is-ancestor 7f0e890ce9653fb31bebcc2344cd4468410ca518 origin/main) exited with return code 1
2023-12-23 10:49:51,627 [shell_command.py:_check_proc_success()] - Command (git -C /home/biqu/klipper-backup checkout -q main) successfully finished
2023-12-23 10:49:51,850 [shell_command.py:_check_proc_success()] - Command (git -C /home/biqu/klipper-backup reset --hard origin/main) successfully finished
2023-12-23 10:49:51,892 [shell_command.py:_check_proc_success()] - Command (git -C /home/biqu/klipper-backup status --porcelain -b) successfully finished
2023-12-23 10:49:51,932 [shell_command.py:_check_proc_success()] - Command (git -C /home/biqu/klipper-backup branch --list --no-color) successfully finished
2023-12-23 10:49:51,971 [shell_command.py:_check_proc_success()] - Command (git -C /home/biqu/klipper-backup remote get-url origin) successfully finished
2023-12-23 10:49:51,972 [git_deploy.py:_check_moved_origin()] - Git repo klipper-backup: Performing moved origin check - https://github.com/zantry3d/trident350_m8p_ebb36
2023-12-23 10:49:53,896 [shell_command.py:_check_proc_success()] - Command (git -C /home/biqu/klipper-backup fetch origin --prune --progress) successfully finished
2023-12-23 10:49:53,924 [shell_command.py:_check_proc_success()] - Command (git -C /home/biqu/klipper-backup merge-base --is-ancestor HEAD origin/main) successfully finished
2023-12-23 10:49:53,950 [shell_command.py:_check_proc_success()] - Command (git -C /home/biqu/klipper-backup rev-parse HEAD) successfully finished
2023-12-23 10:49:53,985 [shell_command.py:_check_proc_success()] - Command (git -C /home/biqu/klipper-backup describe --always --tags --long --dirty --abbrev=8) successfully finished
2023-12-23 10:49:54,012 [shell_command.py:_check_proc_success()] - Command (git -C /home/biqu/klipper-backup rev-parse origin/main) successfully finished
2023-12-23 10:49:54,034 [shell_command.py:_check_proc_success()] - Command (git -C /home/biqu/klipper-backup describe origin/main --always --tags --long --abbrev=8) successfully finished
2023-12-23 10:49:54,056 [shell_command.py:_check_proc_success()] - Command (git -C /home/biqu/klipper-backup rev-list HEAD..49d12eebcafbd78856046952236b1d8f5aa20032 --count) successfully finished
2023-12-23 10:49:54,079 [shell_command.py:_check_proc_success()] - Command (git -C /home/biqu/klipper-backup rev-list HEAD --count) successfully finished
2023-12-23 10:49:54,081 [git_deploy.py:_set_versions()] - Git repo klipper-backup: Failed to detect current version, got '49d12eeb'. Falling back to inferred version: v0.0.0-5-g49d12eeb-inferred
2023-12-23 10:49:54,102 [shell_command.py:_check_proc_success()] - Command (git -C /home/biqu/klipper-backup rev-list 49d12eebcafbd78856046952236b1d8f5aa20032 --count) successfully finished
2023-12-23 10:49:54,103 [git_deploy.py:_set_versions()] - Git repo klipper-backup: Failed to detect upstream version, got '49d12eeb'. Falling back to inferred version: v0.0.0-5-inferred
2023-12-23 10:49:54,104 [git_deploy.py:log_repo_info()] - Git Repo klipper-backup Detected:
Owner: Zantry3d
Repository Name: trident350_m8p_ebb36
Path: /home/biqu/klipper-backup
Remote: origin
Branch: main
Remote URL: https://github.com/Zantry3d/trident350_m8p_ebb36.git
Recovery URL: https://github.com/Zantry3d/trident350_m8p_ebb36.git
Current Commit SHA: 49d12eebcafbd78856046952236b1d8f5aa20032
Upstream Commit SHA: 49d12eebcafbd78856046952236b1d8f5aa20032
Current Version: v0.0.0-5-g49d12eeb-inferred
Upstream Version: v0.0.0-5-inferred
Rollback Commit: 7694ff3019a3494cd996326acb2c02e26c230442
Rollback Branch: main
Rollback Version: 0.3.6-1-g7694ff30-dirty
Is Dirty: False
Is Detached: False
Is Shallow: False
Commits Behind Count: 0
Diverged: False
Repo Warnings:
  Unofficial remote url: https://github.com/Zantry3d/trident350_m8p_ebb36.git
2023-12-23 10:49:54,104 [base_deploy.py:log_info()] - Git Repo klipper-backup: Channel: dev
2023-12-23 10:49:54,105 [base_deploy.py:log_info()] - Git Repo klipper-backup: Validity check for git repo passed
2023-12-23 10:49:54,112 [base_deploy.py:log_info()] - Git Repo klipper-backup: No packages found in script: /home/biqu/klipper-backup/install.sh
